[2024-07-18 07:22:05] local.ERROR: could not find driver (Connection: sqlite, SQL: PRAGMA foreign_keys = ON;) {"exception":"[object] (Illuminate\\Database\\QueryException(code: 0): could not find driver (Connection: sqlite, SQL: PRAGMA foreign_keys = ON;) at C:\\Users\\peron\\Desktop\\Code\\factor-e-commerce\\api\\vendor\\laravel\\framework\\src\\Illuminate\\Database\\Connection.php:813)
[stacktrace]
#0 C:\\Users\\peron\\Desktop\\Code\\factor-e-commerce\\api\\vendor\\laravel\\framework\\src\\Illuminate\\Database\\Connection.php(767): Illuminate\\Database\\Connection->runQueryCallback('PRAGMA foreign_...', Array, Object(Closure))
#1 C:\\Users\\peron\\Desktop\\Code\\factor-e-commerce\\api\\vendor\\laravel\\framework\\src\\Illuminate\\Database\\Connection.php(560): Illuminate\\Database\\Connection->run('PRAGMA foreign_...', Array, Object(Closure))
#2 C:\\Users\\peron\\Desktop\\Code\\factor-e-commerce\\api\\vendor\\laravel\\framework\\src\\Illuminate\\Database\\Schema\\Builder.php(522): Illuminate\\Database\\Connection->statement('PRAGMA foreign_...')
#3 C:\\Users\\peron\\Desktop\\Code\\factor-e-commerce\\api\\vendor\\laravel\\framework\\src\\Illuminate\\Database\\SQLiteConnection.php(51): Illuminate\\Database\\Schema\\Builder->enableForeignKeyConstraints()
#4 C:\\Users\\peron\\Desktop\\Code\\factor-e-commerce\\api\\vendor\\laravel\\framework\\src\\Illuminate\\Database\\SQLiteConnection.php(28): Illuminate\\Database\\SQLiteConnection->configureForeignKeyConstraints()
#5 C:\\Users\\peron\\Desktop\\Code\\factor-e-commerce\\api\\vendor\\laravel\\framework\\src\\Illuminate\\Database\\Connectors\\ConnectionFactory.php(275): Illuminate\\Database\\SQLiteConnection->__construct(Object(Closure), 'C:\\\\Users\\\\peron\\\\...', '', Array)
#6 C:\\Users\\peron\\Desktop\\Code\\factor-e-commerce\\api\\vendor\\laravel\\framework\\src\\Illuminate\\Database\\Connectors\\ConnectionFactory.php(76): Illuminate\\Database\\Connectors\\ConnectionFactory->createConnection('sqlite', Object(Closure), 'C:\\\\Users\\\\peron\\\\...', '', Array)
#7 C:\\Users\\peron\\Desktop\\Code\\factor-e-commerce\\api\\vendor\\laravel\\framework\\src\\Illuminate\\Database\\Connectors\\ConnectionFactory.php(51): Illuminate\\Database\\Connectors\\ConnectionFactory->createSingleConnection(Array)
#8 C:\\Users\\peron\\Desktop\\Code\\factor-e-commerce\\api\\vendor\\laravel\\framework\\src\\Illuminate\\Database\\DatabaseManager.php(167): Illuminate\\Database\\Connectors\\ConnectionFactory->make(Array, 'sqlite')
#9 C:\\Users\\peron\\Desktop\\Code\\factor-e-commerce\\api\\vendor\\laravel\\framework\\src\\Illuminate\\Database\\DatabaseManager.php(93): Illuminate\\Database\\DatabaseManager->makeConnection('sqlite')
#10 C:\\Users\\peron\\Desktop\\Code\\factor-e-commerce\\api\\vendor\\laravel\\framework\\src\\Illuminate\\Database\\Migrations\\DatabaseMigrationRepository.php(226): Illuminate\\Database\\DatabaseManager->connection('sqlite')
#11 C:\\Users\\peron\\Desktop\\Code\\factor-e-commerce\\api\\vendor\\laravel\\framework\\src\\Illuminate\\Database\\Migrations\\DatabaseMigrationRepository.php(182): Illuminate\\Database\\Migrations\\DatabaseMigrationRepository->getConnection()
#12 C:\\Users\\peron\\Desktop\\Code\\factor-e-commerce\\api\\vendor\\laravel\\framework\\src\\Illuminate\\Database\\Migrations\\Migrator.php(680): Illuminate\\Database\\Migrations\\DatabaseMigrationRepository->repositoryExists()
#13 C:\\Users\\peron\\Desktop\\Code\\factor-e-commerce\\api\\vendor\\laravel\\framework\\src\\Illuminate\\Database\\Console\\Migrations\\MigrateCommand.php(164): Illuminate\\Database\\Migrations\\Migrator->repositoryExists()
#14 C:\\Users\\peron\\Desktop\\Code\\factor-e-commerce\\api\\vendor\\laravel\\framework\\src\\Illuminate\\Support\\helpers.php(319): Illuminate\\Database\\Console\\Migrations\\MigrateCommand->Illuminate\\Database\\Console\\Migrations\\{closure}(1)
#15 C:\\Users\\peron\\Desktop\\Code\\factor-e-commerce\\api\\vendor\\laravel\\framework\\src\\Illuminate\\Database\\Console\\Migrations\\MigrateCommand.php(164): retry(1, Object(Closure), 0, Object(Closure))
#16 C:\\Users\\peron\\Desktop\\Code\\factor-e-commerce\\api\\vendor\\laravel\\framework\\src\\Illuminate\\Database\\Console\\Migrations\\MigrateCommand.php(140): Illuminate\\Database\\Console\\Migrations\\MigrateCommand->repositoryExists()
#17 C:\\Users\\peron\\Desktop\\Code\\factor-e-commerce\\api\\vendor\\laravel\\framework\\src\\Illuminate\\Database\\Console\\Migrations\\MigrateCommand.php(110): Illuminate\\Database\\Console\\Migrations\\MigrateCommand->prepareDatabase()
#18 C:\\Users\\peron\\Desktop\\Code\\factor-e-commerce\\api\\vendor\\laravel\\framework\\src\\Illuminate\\Database\\Migrations\\Migrator.php(615): Illuminate\\Database\\Console\\Migrations\\MigrateCommand->Illuminate\\Database\\Console\\Migrations\\{closure}()
#19 C:\\Users\\peron\\Desktop\\Code\\factor-e-commerce\\api\\vendor\\laravel\\framework\\src\\Illuminate\\Database\\Console\\Migrations\\MigrateCommand.php(109): Illuminate\\Database\\Migrations\\Migrator->usingConnection(NULL, Object(Closure))
#20 C:\\Users\\peron\\Desktop\\Code\\factor-e-commerce\\api\\vendor\\laravel\\framework\\src\\Illuminate\\Database\\Console\\Migrations\\MigrateCommand.php(88): Illuminate\\Database\\Console\\Migrations\\MigrateCommand->runMigrations()
#21 C:\\Users\\peron\\Desktop\\Code\\factor-e-commerce\\api\\vendor\\laravel\\framework\\src\\Illuminate\\Container\\BoundMethod.php(36): Illuminate\\Database\\Console\\Migrations\\MigrateCommand->handle()
#22 C:\\Users\\peron\\Desktop\\Code\\factor-e-commerce\\api\\vendor\\laravel\\framework\\src\\Illuminate\\Container\\Util.php(41): Illuminate\\Container\\BoundMethod::Illuminate\\Container\\{closure}()
#23 C:\\Users\\peron\\Desktop\\Code\\factor-e-commerce\\api\\vendor\\laravel\\framework\\src\\Illuminate\\Container\\BoundMethod.php(93): Illuminate\\Container\\Util::unwrapIfClosure(Object(Closure))
#24 C:\\Users\\peron\\Desktop\\Code\\factor-e-commerce\\api\\vendor\\laravel\\framework\\src\\Illuminate\\Container\\BoundMethod.php(35): Illuminate\\Container\\BoundMethod::callBoundMethod(Object(Illuminate\\Foundation\\Application), Array, Object(Closure))
#25 C:\\Users\\peron\\Desktop\\Code\\factor-e-commerce\\api\\vendor\\laravel\\framework\\src\\Illuminate\\Container\\Container.php(690): Illuminate\\Container\\BoundMethod::call(Object(Illuminate\\Foundation\\Application), Array, Array, NULL)
#26 C:\\Users\\peron\\Desktop\\Code\\factor-e-commerce\\api\\vendor\\laravel\\framework\\src\\Illuminate\\Console\\Command.php(213): Illuminate\\Container\\Container->call(Array)
#27 C:\\Users\\peron\\Desktop\\Code\\factor-e-commerce\\api\\vendor\\symfony\\console\\Command\\Command.php(279): Illuminate\\Console\\Command->execute(Object(Symfony\\Component\\Console\\Input\\ArgvInput), Object(Illuminate\\Console\\OutputStyle))
#28 C:\\Users\\peron\\Desktop\\Code\\factor-e-commerce\\api\\vendor\\laravel\\framework\\src\\Illuminate\\Console\\Command.php(182): Symfony\\Component\\Console\\Command\\Command->run(Object(Symfony\\Component\\Console\\Input\\ArgvInput), Object(Illuminate\\Console\\OutputStyle))
#29 C:\\Users\\peron\\Desktop\\Code\\factor-e-commerce\\api\\vendor\\symfony\\console\\Application.php(1047): Illuminate\\Console\\Command->run(Object(Symfony\\Component\\Console\\Input\\ArgvInput), Object(Symfony\\Component\\Console\\Output\\ConsoleOutput))
#30 C:\\Users\\peron\\Desktop\\Code\\factor-e-commerce\\api\\vendor\\symfony\\console\\Application.php(316): Symfony\\Component\\Console\\Application->doRunCommand(Object(Illuminate\\Database\\Console\\Migrations\\MigrateCommand), Object(Symfony\\Component\\Console\\Input\\ArgvInput), Object(Symfony\\Component\\Console\\Output\\ConsoleOutput))
#31 C:\\Users\\peron\\Desktop\\Code\\factor-e-commerce\\api\\vendor\\symfony\\console\\Application.php(167): Symfony\\Component\\Console\\Application->doRun(Object(Symfony\\Component\\Console\\Input\\ArgvInput), Object(Symfony\\Component\\Console\\Output\\ConsoleOutput))
#32 C:\\Users\\peron\\Desktop\\Code\\factor-e-commerce\\api\\vendor\\laravel\\framework\\src\\Illuminate\\Foundation\\Console\\Kernel.php(196): Symfony\\Component\\Console\\Application->run(Object(Symfony\\Component\\Console\\Input\\ArgvInput), Object(Symfony\\Component\\Console\\Output\\ConsoleOutput))
#33 C:\\Users\\peron\\Desktop\\Code\\factor-e-commerce\\api\\vendor\\laravel\\framework\\src\\Illuminate\\Foundation\\Application.php(1203): Illuminate\\Foundation\\Console\\Kernel->handle(Object(Symfony\\Component\\Console\\Input\\ArgvInput), Object(Symfony\\Component\\Console\\Output\\ConsoleOutput))
#34 C:\\Users\\peron\\Desktop\\Code\\factor-e-commerce\\api\\artisan(13): Illuminate\\Foundation\\Application->handleCommand(Object(Symfony\\Component\\Console\\Input\\ArgvInput))
#35 {main}

[previous exception] [object] (PDOException(code: 0): could not find driver at C:\\Users\\peron\\Desktop\\Code\\factor-e-commerce\\api\\vendor\\laravel\\framework\\src\\Illuminate\\Database\\Connectors\\Connector.php:65)
[stacktrace]
#0 C:\\Users\\peron\\Desktop\\Code\\factor-e-commerce\\api\\vendor\\laravel\\framework\\src\\Illuminate\\Database\\Connectors\\Connector.php(65): PDO->__construct('sqlite:C:\\\\Users...', NULL, Object(SensitiveParameterValue), Array)
#1 C:\\Users\\peron\\Desktop\\Code\\factor-e-commerce\\api\\vendor\\laravel\\framework\\src\\Illuminate\\Database\\Connectors\\Connector.php(44): Illuminate\\Database\\Connectors\\Connector->createPdoConnection('sqlite:C:\\\\Users...', NULL, NULL, Array)
#2 C:\\Users\\peron\\Desktop\\Code\\factor-e-commerce\\api\\vendor\\laravel\\framework\\src\\Illuminate\\Database\\Connectors\\SQLiteConnector.php(37): Illuminate\\Database\\Connectors\\Connector->createConnection('sqlite:C:\\\\Users...', Array, Array)
#3 C:\\Users\\peron\\Desktop\\Code\\factor-e-commerce\\api\\vendor\\laravel\\framework\\src\\Illuminate\\Database\\Connectors\\ConnectionFactory.php(222): Illuminate\\Database\\Connectors\\SQLiteConnector->connect(Array)
#4 [internal function]: Illuminate\\Database\\Connectors\\ConnectionFactory->Illuminate\\Database\\Connectors\\{closure}()
#5 C:\\Users\\peron\\Desktop\\Code\\factor-e-commerce\\api\\vendor\\laravel\\framework\\src\\Illuminate\\Database\\Connection.php(1219): call_user_func(Object(Closure))
#6 C:\\Users\\peron\\Desktop\\Code\\factor-e-commerce\\api\\vendor\\laravel\\framework\\src\\Illuminate\\Database\\Connection.php(565): Illuminate\\Database\\Connection->getPdo()
#7 C:\\Users\\peron\\Desktop\\Code\\factor-e-commerce\\api\\vendor\\laravel\\framework\\src\\Illuminate\\Database\\Connection.php(800): Illuminate\\Database\\Connection->Illuminate\\Database\\{closure}('PRAGMA foreign_...', Array)
#8 C:\\Users\\peron\\Desktop\\Code\\factor-e-commerce\\api\\vendor\\laravel\\framework\\src\\Illuminate\\Database\\Connection.php(767): Illuminate\\Database\\Connection->runQueryCallback('PRAGMA foreign_...', Array, Object(Closure))
#9 C:\\Users\\peron\\Desktop\\Code\\factor-e-commerce\\api\\vendor\\laravel\\framework\\src\\Illuminate\\Database\\Connection.php(560): Illuminate\\Database\\Connection->run('PRAGMA foreign_...', Array, Object(Closure))
#10 C:\\Users\\peron\\Desktop\\Code\\factor-e-commerce\\api\\vendor\\laravel\\framework\\src\\Illuminate\\Database\\Schema\\Builder.php(522): Illuminate\\Database\\Connection->statement('PRAGMA foreign_...')
#11 C:\\Users\\peron\\Desktop\\Code\\factor-e-commerce\\api\\vendor\\laravel\\framework\\src\\Illuminate\\Database\\SQLiteConnection.php(51): Illuminate\\Database\\Schema\\Builder->enableForeignKeyConstraints()
#12 C:\\Users\\peron\\Desktop\\Code\\factor-e-commerce\\api\\vendor\\laravel\\framework\\src\\Illuminate\\Database\\SQLiteConnection.php(28): Illuminate\\Database\\SQLiteConnection->configureForeignKeyConstraints()
#13 C:\\Users\\peron\\Desktop\\Code\\factor-e-commerce\\api\\vendor\\laravel\\framework\\src\\Illuminate\\Database\\Connectors\\ConnectionFactory.php(275): Illuminate\\Database\\SQLiteConnection->__construct(Object(Closure), 'C:\\\\Users\\\\peron\\\\...', '', Array)
#14 C:\\Users\\peron\\Desktop\\Code\\factor-e-commerce\\api\\vendor\\laravel\\framework\\src\\Illuminate\\Database\\Connectors\\ConnectionFactory.php(76): Illuminate\\Database\\Connectors\\ConnectionFactory->createConnection('sqlite', Object(Closure), 'C:\\\\Users\\\\peron\\\\...', '', Array)
#15 C:\\Users\\peron\\Desktop\\Code\\factor-e-commerce\\api\\vendor\\laravel\\framework\\src\\Illuminate\\Database\\Connectors\\ConnectionFactory.php(51): Illuminate\\Database\\Connectors\\ConnectionFactory->createSingleConnection(Array)
#16 C:\\Users\\peron\\Desktop\\Code\\factor-e-commerce\\api\\vendor\\laravel\\framework\\src\\Illuminate\\Database\\DatabaseManager.php(167): Illuminate\\Database\\Connectors\\ConnectionFactory->make(Array, 'sqlite')
#17 C:\\Users\\peron\\Desktop\\Code\\factor-e-commerce\\api\\vendor\\laravel\\framework\\src\\Illuminate\\Database\\DatabaseManager.php(93): Illuminate\\Database\\DatabaseManager->makeConnection('sqlite')
#18 C:\\Users\\peron\\Desktop\\Code\\factor-e-commerce\\api\\vendor\\laravel\\framework\\src\\Illuminate\\Database\\Migrations\\DatabaseMigrationRepository.php(226): Illuminate\\Database\\DatabaseManager->connection('sqlite')
#19 C:\\Users\\peron\\Desktop\\Code\\factor-e-commerce\\api\\vendor\\laravel\\framework\\src\\Illuminate\\Database\\Migrations\\DatabaseMigrationRepository.php(182): Illuminate\\Database\\Migrations\\DatabaseMigrationRepository->getConnection()
#20 C:\\Users\\peron\\Desktop\\Code\\factor-e-commerce\\api\\vendor\\laravel\\framework\\src\\Illuminate\\Database\\Migrations\\Migrator.php(680): Illuminate\\Database\\Migrations\\DatabaseMigrationRepository->repositoryExists()
#21 C:\\Users\\peron\\Desktop\\Code\\factor-e-commerce\\api\\vendor\\laravel\\framework\\src\\Illuminate\\Database\\Console\\Migrations\\MigrateCommand.php(164): Illuminate\\Database\\Migrations\\Migrator->repositoryExists()
#22 C:\\Users\\peron\\Desktop\\Code\\factor-e-commerce\\api\\vendor\\laravel\\framework\\src\\Illuminate\\Support\\helpers.php(319): Illuminate\\Database\\Console\\Migrations\\MigrateCommand->Illuminate\\Database\\Console\\Migrations\\{closure}(1)
#23 C:\\Users\\peron\\Desktop\\Code\\factor-e-commerce\\api\\vendor\\laravel\\framework\\src\\Illuminate\\Database\\Console\\Migrations\\MigrateCommand.php(164): retry(1, Object(Closure), 0, Object(Closure))
#24 C:\\Users\\peron\\Desktop\\Code\\factor-e-commerce\\api\\vendor\\laravel\\framework\\src\\Illuminate\\Database\\Console\\Migrations\\MigrateCommand.php(140): Illuminate\\Database\\Console\\Migrations\\MigrateCommand->repositoryExists()
#25 C:\\Users\\peron\\Desktop\\Code\\factor-e-commerce\\api\\vendor\\laravel\\framework\\src\\Illuminate\\Database\\Console\\Migrations\\MigrateCommand.php(110): Illuminate\\Database\\Console\\Migrations\\MigrateCommand->prepareDatabase()
#26 C:\\Users\\peron\\Desktop\\Code\\factor-e-commerce\\api\\vendor\\laravel\\framework\\src\\Illuminate\\Database\\Migrations\\Migrator.php(615): Illuminate\\Database\\Console\\Migrations\\MigrateCommand->Illuminate\\Database\\Console\\Migrations\\{closure}()
#27 C:\\Users\\peron\\Desktop\\Code\\factor-e-commerce\\api\\vendor\\laravel\\framework\\src\\Illuminate\\Database\\Console\\Migrations\\MigrateCommand.php(109): Illuminate\\Database\\Migrations\\Migrator->usingConnection(NULL, Object(Closure))
#28 C:\\Users\\peron\\Desktop\\Code\\factor-e-commerce\\api\\vendor\\laravel\\framework\\src\\Illuminate\\Database\\Console\\Migrations\\MigrateCommand.php(88): Illuminate\\Database\\Console\\Migrations\\MigrateCommand->runMigrations()
#29 C:\\Users\\peron\\Desktop\\Code\\factor-e-commerce\\api\\vendor\\laravel\\framework\\src\\Illuminate\\Container\\BoundMethod.php(36): Illuminate\\Database\\Console\\Migrations\\MigrateCommand->handle()
#30 C:\\Users\\peron\\Desktop\\Code\\factor-e-commerce\\api\\vendor\\laravel\\framework\\src\\Illuminate\\Container\\Util.php(41): Illuminate\\Container\\BoundMethod::Illuminate\\Container\\{closure}()
#31 C:\\Users\\peron\\Desktop\\Code\\factor-e-commerce\\api\\vendor\\laravel\\framework\\src\\Illuminate\\Container\\BoundMethod.php(93): Illuminate\\Container\\Util::unwrapIfClosure(Object(Closure))
#32 C:\\Users\\peron\\Desktop\\Code\\factor-e-commerce\\api\\vendor\\laravel\\framework\\src\\Illuminate\\Container\\BoundMethod.php(35): Illuminate\\Container\\BoundMethod::callBoundMethod(Object(Illuminate\\Foundation\\Application), Array, Object(Closure))
#33 C:\\Users\\peron\\Desktop\\Code\\factor-e-commerce\\api\\vendor\\laravel\\framework\\src\\Illuminate\\Container\\Container.php(690): Illuminate\\Container\\BoundMethod::call(Object(Illuminate\\Foundation\\Application), Array, Array, NULL)
#34 C:\\Users\\peron\\Desktop\\Code\\factor-e-commerce\\api\\vendor\\laravel\\framework\\src\\Illuminate\\Console\\Command.php(213): Illuminate\\Container\\Container->call(Array)
#35 C:\\Users\\peron\\Desktop\\Code\\factor-e-commerce\\api\\vendor\\symfony\\console\\Command\\Command.php(279): Illuminate\\Console\\Command->execute(Object(Symfony\\Component\\Console\\Input\\ArgvInput), Object(Illuminate\\Console\\OutputStyle))
#36 C:\\Users\\peron\\Desktop\\Code\\factor-e-commerce\\api\\vendor\\laravel\\framework\\src\\Illuminate\\Console\\Command.php(182): Symfony\\Component\\Console\\Command\\Command->run(Object(Symfony\\Component\\Console\\Input\\ArgvInput), Object(Illuminate\\Console\\OutputStyle))
#37 C:\\Users\\peron\\Desktop\\Code\\factor-e-commerce\\api\\vendor\\symfony\\console\\Application.php(1047): Illuminate\\Console\\Command->run(Object(Symfony\\Component\\Console\\Input\\ArgvInput), Object(Symfony\\Component\\Console\\Output\\ConsoleOutput))
#38 C:\\Users\\peron\\Desktop\\Code\\factor-e-commerce\\api\\vendor\\symfony\\console\\Application.php(316): Symfony\\Component\\Console\\Application->doRunCommand(Object(Illuminate\\Database\\Console\\Migrations\\MigrateCommand), Object(Symfony\\Component\\Console\\Input\\ArgvInput), Object(Symfony\\Component\\Console\\Output\\ConsoleOutput))
#39 C:\\Users\\peron\\Desktop\\Code\\factor-e-commerce\\api\\vendor\\symfony\\console\\Application.php(167): Symfony\\Component\\Console\\Application->doRun(Object(Symfony\\Component\\Console\\Input\\ArgvInput), Object(Symfony\\Component\\Console\\Output\\ConsoleOutput))
#40 C:\\Users\\peron\\Desktop\\Code\\factor-e-commerce\\api\\vendor\\laravel\\framework\\src\\Illuminate\\Foundation\\Console\\Kernel.php(196): Symfony\\Component\\Console\\Application->run(Object(Symfony\\Component\\Console\\Input\\ArgvInput), Object(Symfony\\Component\\Console\\Output\\ConsoleOutput))
#41 C:\\Users\\peron\\Desktop\\Code\\factor-e-commerce\\api\\vendor\\laravel\\framework\\src\\Illuminate\\Foundation\\Application.php(1203): Illuminate\\Foundation\\Console\\Kernel->handle(Object(Symfony\\Component\\Console\\Input\\ArgvInput), Object(Symfony\\Component\\Console\\Output\\ConsoleOutput))
#42 C:\\Users\\peron\\Desktop\\Code\\factor-e-commerce\\api\\artisan(13): Illuminate\\Foundation\\Application->handleCommand(Object(Symfony\\Component\\Console\\Input\\ArgvInput))
#43 {main}
"} 
[2024-07-18 07:33:24] local.ERROR: could not find driver (Connection: sqlite, SQL: PRAGMA foreign_keys = ON;) {"exception":"[object] (Illuminate\\Database\\QueryException(code: 0): could not find driver (Connection: sqlite, SQL: PRAGMA foreign_keys = ON;) at C:\\Users\\peron\\Desktop\\Code\\factor-e-commerce\\api\\vendor\\laravel\\framework\\src\\Illuminate\\Database\\Connection.php:813)
[stacktrace]
#0 C:\\Users\\peron\\Desktop\\Code\\factor-e-commerce\\api\\vendor\\laravel\\framework\\src\\Illuminate\\Database\\Connection.php(767): Illuminate\\Database\\Connection->runQueryCallback('PRAGMA foreign_...', Array, Object(Closure))
#1 C:\\Users\\peron\\Desktop\\Code\\factor-e-commerce\\api\\vendor\\laravel\\framework\\src\\Illuminate\\Database\\Connection.php(560): Illuminate\\Database\\Connection->run('PRAGMA foreign_...', Array, Object(Closure))
#2 C:\\Users\\peron\\Desktop\\Code\\factor-e-commerce\\api\\vendor\\laravel\\framework\\src\\Illuminate\\Database\\Schema\\Builder.php(522): Illuminate\\Database\\Connection->statement('PRAGMA foreign_...')
#3 C:\\Users\\peron\\Desktop\\Code\\factor-e-commerce\\api\\vendor\\laravel\\framework\\src\\Illuminate\\Database\\SQLiteConnection.php(51): Illuminate\\Database\\Schema\\Builder->enableForeignKeyConstraints()
#4 C:\\Users\\peron\\Desktop\\Code\\factor-e-commerce\\api\\vendor\\laravel\\framework\\src\\Illuminate\\Database\\SQLiteConnection.php(28): Illuminate\\Database\\SQLiteConnection->configureForeignKeyConstraints()
#5 C:\\Users\\peron\\Desktop\\Code\\factor-e-commerce\\api\\vendor\\laravel\\framework\\src\\Illuminate\\Database\\Connectors\\ConnectionFactory.php(275): Illuminate\\Database\\SQLiteConnection->__construct(Object(Closure), 'C:\\\\Users\\\\peron\\\\...', '', Array)
#6 C:\\Users\\peron\\Desktop\\Code\\factor-e-commerce\\api\\vendor\\laravel\\framework\\src\\Illuminate\\Database\\Connectors\\ConnectionFactory.php(76): Illuminate\\Database\\Connectors\\ConnectionFactory->createConnection('sqlite', Object(Closure), 'C:\\\\Users\\\\peron\\\\...', '', Array)
#7 C:\\Users\\peron\\Desktop\\Code\\factor-e-commerce\\api\\vendor\\laravel\\framework\\src\\Illuminate\\Database\\Connectors\\ConnectionFactory.php(51): Illuminate\\Database\\Connectors\\ConnectionFactory->createSingleConnection(Array)
#8 C:\\Users\\peron\\Desktop\\Code\\factor-e-commerce\\api\\vendor\\laravel\\framework\\src\\Illuminate\\Database\\DatabaseManager.php(167): Illuminate\\Database\\Connectors\\ConnectionFactory->make(Array, 'sqlite')
#9 C:\\Users\\peron\\Desktop\\Code\\factor-e-commerce\\api\\vendor\\laravel\\framework\\src\\Illuminate\\Database\\DatabaseManager.php(93): Illuminate\\Database\\DatabaseManager->makeConnection('sqlite')
#10 C:\\Users\\peron\\Desktop\\Code\\factor-e-commerce\\api\\vendor\\laravel\\framework\\src\\Illuminate\\Cache\\CacheManager.php(214): Illuminate\\Database\\DatabaseManager->connection('sqlite')
#11 C:\\Users\\peron\\Desktop\\Code\\factor-e-commerce\\api\\vendor\\laravel\\framework\\src\\Illuminate\\Cache\\CacheManager.php(100): Illuminate\\Cache\\CacheManager->createDatabaseDriver(Array)
#12 C:\\Users\\peron\\Desktop\\Code\\factor-e-commerce\\api\\vendor\\laravel\\framework\\src\\Illuminate\\Cache\\CacheManager.php(61): Illuminate\\Cache\\CacheManager->resolve('database')
#13 C:\\Users\\peron\\Desktop\\Code\\factor-e-commerce\\api\\vendor\\laravel\\framework\\src\\Illuminate\\Cache\\CacheManager.php(72): Illuminate\\Cache\\CacheManager->store('database')
#14 C:\\Users\\peron\\Desktop\\Code\\factor-e-commerce\\api\\vendor\\laravel\\framework\\src\\Illuminate\\Cache\\CacheServiceProvider.php(23): Illuminate\\Cache\\CacheManager->driver()
#15 C:\\Users\\peron\\Desktop\\Code\\factor-e-commerce\\api\\vendor\\laravel\\framework\\src\\Illuminate\\Container\\Container.php(931): Illuminate\\Cache\\CacheServiceProvider->Illuminate\\Cache\\{closure}(Object(Illuminate\\Foundation\\Application), Array)
#16 C:\\Users\\peron\\Desktop\\Code\\factor-e-commerce\\api\\vendor\\laravel\\framework\\src\\Illuminate\\Container\\Container.php(815): Illuminate\\Container\\Container->build(Object(Closure))
#17 C:\\Users\\peron\\Desktop\\Code\\factor-e-commerce\\api\\vendor\\laravel\\framework\\src\\Illuminate\\Foundation\\Application.php(1046): Illuminate\\Container\\Container->resolve('cache.store', Array, true)
#18 C:\\Users\\peron\\Desktop\\Code\\factor-e-commerce\\api\\vendor\\laravel\\framework\\src\\Illuminate\\Container\\Container.php(751): Illuminate\\Foundation\\Application->resolve('cache.store', Array)
#19 C:\\Users\\peron\\Desktop\\Code\\factor-e-commerce\\api\\vendor\\laravel\\framework\\src\\Illuminate\\Foundation\\Application.php(1028): Illuminate\\Container\\Container->make('cache.store', Array)
#20 C:\\Users\\peron\\Desktop\\Code\\factor-e-commerce\\api\\vendor\\laravel\\framework\\src\\Illuminate\\Container\\Container.php(1570): Illuminate\\Foundation\\Application->make('cache.store')
#21 C:\\Users\\peron\\Desktop\\Code\\factor-e-commerce\\api\\vendor\\laravel\\framework\\src\\Illuminate\\Foundation\\Providers\\ArtisanServiceProvider.php(681): Illuminate\\Container\\Container->offsetGet('cache.store')
#22 C:\\Users\\peron\\Desktop\\Code\\factor-e-commerce\\api\\vendor\\laravel\\framework\\src\\Illuminate\\Container\\Container.php(931): Illuminate\\Foundation\\Providers\\ArtisanServiceProvider->Illuminate\\Foundation\\Providers\\{closure}(Object(Illuminate\\Foundation\\Application), Array)
#23 C:\\Users\\peron\\Desktop\\Code\\factor-e-commerce\\api\\vendor\\laravel\\framework\\src\\Illuminate\\Container\\Container.php(815): Illuminate\\Container\\Container->build(Object(Closure))
#24 C:\\Users\\peron\\Desktop\\Code\\factor-e-commerce\\api\\vendor\\laravel\\framework\\src\\Illuminate\\Foundation\\Application.php(1046): Illuminate\\Container\\Container->resolve('Illuminate\\\\Queu...', Array, true)
#25 C:\\Users\\peron\\Desktop\\Code\\factor-e-commerce\\api\\vendor\\laravel\\framework\\src\\Illuminate\\Container\\Container.php(762): Illuminate\\Foundation\\Application->resolve('Illuminate\\\\Queu...')
#26 C:\\Users\\peron\\Desktop\\Code\\factor-e-commerce\\api\\vendor\\laravel\\framework\\src\\Illuminate\\Console\\ContainerCommandLoader.php(53): Illuminate\\Container\\Container->get('Illuminate\\\\Queu...')
#27 C:\\Users\\peron\\Desktop\\Code\\factor-e-commerce\\api\\vendor\\symfony\\console\\Application.php(584): Illuminate\\Console\\ContainerCommandLoader->get('queue:restart')
#28 C:\\Users\\peron\\Desktop\\Code\\factor-e-commerce\\api\\vendor\\symfony\\console\\Application.php(774): Symfony\\Component\\Console\\Application->has('queue:restart')
#29 C:\\Users\\peron\\Desktop\\Code\\factor-e-commerce\\api\\vendor\\symfony\\console\\Descriptor\\ApplicationDescription.php(84): Symfony\\Component\\Console\\Application->all(NULL)
#30 C:\\Users\\peron\\Desktop\\Code\\factor-e-commerce\\api\\vendor\\symfony\\console\\Descriptor\\ApplicationDescription.php(61): Symfony\\Component\\Console\\Descriptor\\ApplicationDescription->inspectApplication()
#31 C:\\Users\\peron\\Desktop\\Code\\factor-e-commerce\\api\\vendor\\symfony\\console\\Descriptor\\TextDescriptor.php(185): Symfony\\Component\\Console\\Descriptor\\ApplicationDescription->getCommands()
#32 C:\\Users\\peron\\Desktop\\Code\\factor-e-commerce\\api\\vendor\\symfony\\console\\Descriptor\\Descriptor.php(40): Symfony\\Component\\Console\\Descriptor\\TextDescriptor->describeApplication(Object(Illuminate\\Console\\Application), Array)
#33 C:\\Users\\peron\\Desktop\\Code\\factor-e-commerce\\api\\vendor\\symfony\\console\\Helper\\DescriptorHelper.php(67): Symfony\\Component\\Console\\Descriptor\\Descriptor->describe(Object(Symfony\\Component\\Console\\Output\\ConsoleOutput), Object(Illuminate\\Console\\Application), Array)
#34 C:\\Users\\peron\\Desktop\\Code\\factor-e-commerce\\api\\vendor\\symfony\\console\\Command\\ListCommand.php(63): Symfony\\Component\\Console\\Helper\\DescriptorHelper->describe(Object(Symfony\\Component\\Console\\Output\\ConsoleOutput), Object(Illuminate\\Console\\Application), Array)
#35 C:\\Users\\peron\\Desktop\\Code\\factor-e-commerce\\api\\vendor\\symfony\\console\\Command\\Command.php(279): Symfony\\Component\\Console\\Command\\ListCommand->execute(Object(Symfony\\Component\\Console\\Input\\ArgvInput), Object(Symfony\\Component\\Console\\Output\\ConsoleOutput))
#36 C:\\Users\\peron\\Desktop\\Code\\factor-e-commerce\\api\\vendor\\symfony\\console\\Application.php(1047): Symfony\\Component\\Console\\Command\\Command->run(Object(Symfony\\Component\\Console\\Input\\ArgvInput), Object(Symfony\\Component\\Console\\Output\\ConsoleOutput))
#37 C:\\Users\\peron\\Desktop\\Code\\factor-e-commerce\\api\\vendor\\symfony\\console\\Application.php(316): Symfony\\Component\\Console\\Application->doRunCommand(Object(Symfony\\Component\\Console\\Command\\ListCommand), Object(Symfony\\Component\\Console\\Input\\ArgvInput), Object(Symfony\\Component\\Console\\Output\\ConsoleOutput))
#38 C:\\Users\\peron\\Desktop\\Code\\factor-e-commerce\\api\\vendor\\symfony\\console\\Application.php(167): Symfony\\Component\\Console\\Application->doRun(Object(Symfony\\Component\\Console\\Input\\ArgvInput), Object(Symfony\\Component\\Console\\Output\\ConsoleOutput))
#39 C:\\Users\\peron\\Desktop\\Code\\factor-e-commerce\\api\\vendor\\laravel\\framework\\src\\Illuminate\\Foundation\\Console\\Kernel.php(196): Symfony\\Component\\Console\\Application->run(Object(Symfony\\Component\\Console\\Input\\ArgvInput), Object(Symfony\\Component\\Console\\Output\\ConsoleOutput))
#40 C:\\Users\\peron\\Desktop\\Code\\factor-e-commerce\\api\\vendor\\laravel\\framework\\src\\Illuminate\\Foundation\\Application.php(1203): Illuminate\\Foundation\\Console\\Kernel->handle(Object(Symfony\\Component\\Console\\Input\\ArgvInput), Object(Symfony\\Component\\Console\\Output\\ConsoleOutput))
#41 C:\\Users\\peron\\Desktop\\Code\\factor-e-commerce\\api\\artisan(13): Illuminate\\Foundation\\Application->handleCommand(Object(Symfony\\Component\\Console\\Input\\ArgvInput))
#42 {main}

[previous exception] [object] (PDOException(code: 0): could not find driver at C:\\Users\\peron\\Desktop\\Code\\factor-e-commerce\\api\\vendor\\laravel\\framework\\src\\Illuminate\\Database\\Connectors\\Connector.php:65)
[stacktrace]
#0 C:\\Users\\peron\\Desktop\\Code\\factor-e-commerce\\api\\vendor\\laravel\\framework\\src\\Illuminate\\Database\\Connectors\\Connector.php(65): PDO->__construct('sqlite:C:\\\\Users...', NULL, Object(SensitiveParameterValue), Array)
#1 C:\\Users\\peron\\Desktop\\Code\\factor-e-commerce\\api\\vendor\\laravel\\framework\\src\\Illuminate\\Database\\Connectors\\Connector.php(44): Illuminate\\Database\\Connectors\\Connector->createPdoConnection('sqlite:C:\\\\Users...', NULL, NULL, Array)
#2 C:\\Users\\peron\\Desktop\\Code\\factor-e-commerce\\api\\vendor\\laravel\\framework\\src\\Illuminate\\Database\\Connectors\\SQLiteConnector.php(37): Illuminate\\Database\\Connectors\\Connector->createConnection('sqlite:C:\\\\Users...', Array, Array)
#3 C:\\Users\\peron\\Desktop\\Code\\factor-e-commerce\\api\\vendor\\laravel\\framework\\src\\Illuminate\\Database\\Connectors\\ConnectionFactory.php(222): Illuminate\\Database\\Connectors\\SQLiteConnector->connect(Array)
#4 [internal function]: Illuminate\\Database\\Connectors\\ConnectionFactory->Illuminate\\Database\\Connectors\\{closure}()
#5 C:\\Users\\peron\\Desktop\\Code\\factor-e-commerce\\api\\vendor\\laravel\\framework\\src\\Illuminate\\Database\\Connection.php(1219): call_user_func(Object(Closure))
#6 C:\\Users\\peron\\Desktop\\Code\\factor-e-commerce\\api\\vendor\\laravel\\framework\\src\\Illuminate\\Database\\Connection.php(565): Illuminate\\Database\\Connection->getPdo()
#7 C:\\Users\\peron\\Desktop\\Code\\factor-e-commerce\\api\\vendor\\laravel\\framework\\src\\Illuminate\\Database\\Connection.php(800): Illuminate\\Database\\Connection->Illuminate\\Database\\{closure}('PRAGMA foreign_...', Array)
#8 C:\\Users\\peron\\Desktop\\Code\\factor-e-commerce\\api\\vendor\\laravel\\framework\\src\\Illuminate\\Database\\Connection.php(767): Illuminate\\Database\\Connection->runQueryCallback('PRAGMA foreign_...', Array, Object(Closure))
#9 C:\\Users\\peron\\Desktop\\Code\\factor-e-commerce\\api\\vendor\\laravel\\framework\\src\\Illuminate\\Database\\Connection.php(560): Illuminate\\Database\\Connection->run('PRAGMA foreign_...', Array, Object(Closure))
#10 C:\\Users\\peron\\Desktop\\Code\\factor-e-commerce\\api\\vendor\\laravel\\framework\\src\\Illuminate\\Database\\Schema\\Builder.php(522): Illuminate\\Database\\Connection->statement('PRAGMA foreign_...')
#11 C:\\Users\\peron\\Desktop\\Code\\factor-e-commerce\\api\\vendor\\laravel\\framework\\src\\Illuminate\\Database\\SQLiteConnection.php(51): Illuminate\\Database\\Schema\\Builder->enableForeignKeyConstraints()
#12 C:\\Users\\peron\\Desktop\\Code\\factor-e-commerce\\api\\vendor\\laravel\\framework\\src\\Illuminate\\Database\\SQLiteConnection.php(28): Illuminate\\Database\\SQLiteConnection->configureForeignKeyConstraints()
#13 C:\\Users\\peron\\Desktop\\Code\\factor-e-commerce\\api\\vendor\\laravel\\framework\\src\\Illuminate\\Database\\Connectors\\ConnectionFactory.php(275): Illuminate\\Database\\SQLiteConnection->__construct(Object(Closure), 'C:\\\\Users\\\\peron\\\\...', '', Array)
#14 C:\\Users\\peron\\Desktop\\Code\\factor-e-commerce\\api\\vendor\\laravel\\framework\\src\\Illuminate\\Database\\Connectors\\ConnectionFactory.php(76): Illuminate\\Database\\Connectors\\ConnectionFactory->createConnection('sqlite', Object(Closure), 'C:\\\\Users\\\\peron\\\\...', '', Array)
#15 C:\\Users\\peron\\Desktop\\Code\\factor-e-commerce\\api\\vendor\\laravel\\framework\\src\\Illuminate\\Database\\Connectors\\ConnectionFactory.php(51): Illuminate\\Database\\Connectors\\ConnectionFactory->createSingleConnection(Array)
#16 C:\\Users\\peron\\Desktop\\Code\\factor-e-commerce\\api\\vendor\\laravel\\framework\\src\\Illuminate\\Database\\DatabaseManager.php(167): Illuminate\\Database\\Connectors\\ConnectionFactory->make(Array, 'sqlite')
#17 C:\\Users\\peron\\Desktop\\Code\\factor-e-commerce\\api\\vendor\\laravel\\framework\\src\\Illuminate\\Database\\DatabaseManager.php(93): Illuminate\\Database\\DatabaseManager->makeConnection('sqlite')
#18 C:\\Users\\peron\\Desktop\\Code\\factor-e-commerce\\api\\vendor\\laravel\\framework\\src\\Illuminate\\Cache\\CacheManager.php(214): Illuminate\\Database\\DatabaseManager->connection('sqlite')
#19 C:\\Users\\peron\\Desktop\\Code\\factor-e-commerce\\api\\vendor\\laravel\\framework\\src\\Illuminate\\Cache\\CacheManager.php(100): Illuminate\\Cache\\CacheManager->createDatabaseDriver(Array)
#20 C:\\Users\\peron\\Desktop\\Code\\factor-e-commerce\\api\\vendor\\laravel\\framework\\src\\Illuminate\\Cache\\CacheManager.php(61): Illuminate\\Cache\\CacheManager->resolve('database')
#21 C:\\Users\\peron\\Desktop\\Code\\factor-e-commerce\\api\\vendor\\laravel\\framework\\src\\Illuminate\\Cache\\CacheManager.php(72): Illuminate\\Cache\\CacheManager->store('database')
#22 C:\\Users\\peron\\Desktop\\Code\\factor-e-commerce\\api\\vendor\\laravel\\framework\\src\\Illuminate\\Cache\\CacheServiceProvider.php(23): Illuminate\\Cache\\CacheManager->driver()
#23 C:\\Users\\peron\\Desktop\\Code\\factor-e-commerce\\api\\vendor\\laravel\\framework\\src\\Illuminate\\Container\\Container.php(931): Illuminate\\Cache\\CacheServiceProvider->Illuminate\\Cache\\{closure}(Object(Illuminate\\Foundation\\Application), Array)
#24 C:\\Users\\peron\\Desktop\\Code\\factor-e-commerce\\api\\vendor\\laravel\\framework\\src\\Illuminate\\Container\\Container.php(815): Illuminate\\Container\\Container->build(Object(Closure))
#25 C:\\Users\\peron\\Desktop\\Code\\factor-e-commerce\\api\\vendor\\laravel\\framework\\src\\Illuminate\\Foundation\\Application.php(1046): Illuminate\\Container\\Container->resolve('cache.store', Array, true)
#26 C:\\Users\\peron\\Desktop\\Code\\factor-e-commerce\\api\\vendor\\laravel\\framework\\src\\Illuminate\\Container\\Container.php(751): Illuminate\\Foundation\\Application->resolve('cache.store', Array)
#27 C:\\Users\\peron\\Desktop\\Code\\factor-e-commerce\\api\\vendor\\laravel\\framework\\src\\Illuminate\\Foundation\\Application.php(1028): Illuminate\\Container\\Container->make('cache.store', Array)
#28 C:\\Users\\peron\\Desktop\\Code\\factor-e-commerce\\api\\vendor\\laravel\\framework\\src\\Illuminate\\Container\\Container.php(1570): Illuminate\\Foundation\\Application->make('cache.store')
#29 C:\\Users\\peron\\Desktop\\Code\\factor-e-commerce\\api\\vendor\\laravel\\framework\\src\\Illuminate\\Foundation\\Providers\\ArtisanServiceProvider.php(681): Illuminate\\Container\\Container->offsetGet('cache.store')
#30 C:\\Users\\peron\\Desktop\\Code\\factor-e-commerce\\api\\vendor\\laravel\\framework\\src\\Illuminate\\Container\\Container.php(931): Illuminate\\Foundation\\Providers\\ArtisanServiceProvider->Illuminate\\Foundation\\Providers\\{closure}(Object(Illuminate\\Foundation\\Application), Array)
#31 C:\\Users\\peron\\Desktop\\Code\\factor-e-commerce\\api\\vendor\\laravel\\framework\\src\\Illuminate\\Container\\Container.php(815): Illuminate\\Container\\Container->build(Object(Closure))
#32 C:\\Users\\peron\\Desktop\\Code\\factor-e-commerce\\api\\vendor\\laravel\\framework\\src\\Illuminate\\Foundation\\Application.php(1046): Illuminate\\Container\\Container->resolve('Illuminate\\\\Queu...', Array, true)
#33 C:\\Users\\peron\\Desktop\\Code\\factor-e-commerce\\api\\vendor\\laravel\\framework\\src\\Illuminate\\Container\\Container.php(762): Illuminate\\Foundation\\Application->resolve('Illuminate\\\\Queu...')
#34 C:\\Users\\peron\\Desktop\\Code\\factor-e-commerce\\api\\vendor\\laravel\\framework\\src\\Illuminate\\Console\\ContainerCommandLoader.php(53): Illuminate\\Container\\Container->get('Illuminate\\\\Queu...')
#35 C:\\Users\\peron\\Desktop\\Code\\factor-e-commerce\\api\\vendor\\symfony\\console\\Application.php(584): Illuminate\\Console\\ContainerCommandLoader->get('queue:restart')
#36 C:\\Users\\peron\\Desktop\\Code\\factor-e-commerce\\api\\vendor\\symfony\\console\\Application.php(774): Symfony\\Component\\Console\\Application->has('queue:restart')
#37 C:\\Users\\peron\\Desktop\\Code\\factor-e-commerce\\api\\vendor\\symfony\\console\\Descriptor\\ApplicationDescription.php(84): Symfony\\Component\\Console\\Application->all(NULL)
#38 C:\\Users\\peron\\Desktop\\Code\\factor-e-commerce\\api\\vendor\\symfony\\console\\Descriptor\\ApplicationDescription.php(61): Symfony\\Component\\Console\\Descriptor\\ApplicationDescription->inspectApplication()
#39 C:\\Users\\peron\\Desktop\\Code\\factor-e-commerce\\api\\vendor\\symfony\\console\\Descriptor\\TextDescriptor.php(185): Symfony\\Component\\Console\\Descriptor\\ApplicationDescription->getCommands()
#40 C:\\Users\\peron\\Desktop\\Code\\factor-e-commerce\\api\\vendor\\symfony\\console\\Descriptor\\Descriptor.php(40): Symfony\\Component\\Console\\Descriptor\\TextDescriptor->describeApplication(Object(Illuminate\\Console\\Application), Array)
#41 C:\\Users\\peron\\Desktop\\Code\\factor-e-commerce\\api\\vendor\\symfony\\console\\Helper\\DescriptorHelper.php(67): Symfony\\Component\\Console\\Descriptor\\Descriptor->describe(Object(Symfony\\Component\\Console\\Output\\ConsoleOutput), Object(Illuminate\\Console\\Application), Array)
#42 C:\\Users\\peron\\Desktop\\Code\\factor-e-commerce\\api\\vendor\\symfony\\console\\Command\\ListCommand.php(63): Symfony\\Component\\Console\\Helper\\DescriptorHelper->describe(Object(Symfony\\Component\\Console\\Output\\ConsoleOutput), Object(Illuminate\\Console\\Application), Array)
#43 C:\\Users\\peron\\Desktop\\Code\\factor-e-commerce\\api\\vendor\\symfony\\console\\Command\\Command.php(279): Symfony\\Component\\Console\\Command\\ListCommand->execute(Object(Symfony\\Component\\Console\\Input\\ArgvInput), Object(Symfony\\Component\\Console\\Output\\ConsoleOutput))
#44 C:\\Users\\peron\\Desktop\\Code\\factor-e-commerce\\api\\vendor\\symfony\\console\\Application.php(1047): Symfony\\Component\\Console\\Command\\Command->run(Object(Symfony\\Component\\Console\\Input\\ArgvInput), Object(Symfony\\Component\\Console\\Output\\ConsoleOutput))
#45 C:\\Users\\peron\\Desktop\\Code\\factor-e-commerce\\api\\vendor\\symfony\\console\\Application.php(316): Symfony\\Component\\Console\\Application->doRunCommand(Object(Symfony\\Component\\Console\\Command\\ListCommand), Object(Symfony\\Component\\Console\\Input\\ArgvInput), Object(Symfony\\Component\\Console\\Output\\ConsoleOutput))
#46 C:\\Users\\peron\\Desktop\\Code\\factor-e-commerce\\api\\vendor\\symfony\\console\\Application.php(167): Symfony\\Component\\Console\\Application->doRun(Object(Symfony\\Component\\Console\\Input\\ArgvInput), Object(Symfony\\Component\\Console\\Output\\ConsoleOutput))
#47 C:\\Users\\peron\\Desktop\\Code\\factor-e-commerce\\api\\vendor\\laravel\\framework\\src\\Illuminate\\Foundation\\Console\\Kernel.php(196): Symfony\\Component\\Console\\Application->run(Object(Symfony\\Component\\Console\\Input\\ArgvInput), Object(Symfony\\Component\\Console\\Output\\ConsoleOutput))
#48 C:\\Users\\peron\\Desktop\\Code\\factor-e-commerce\\api\\vendor\\laravel\\framework\\src\\Illuminate\\Foundation\\Application.php(1203): Illuminate\\Foundation\\Console\\Kernel->handle(Object(Symfony\\Component\\Console\\Input\\ArgvInput), Object(Symfony\\Component\\Console\\Output\\ConsoleOutput))
#49 C:\\Users\\peron\\Desktop\\Code\\factor-e-commerce\\api\\artisan(13): Illuminate\\Foundation\\Application->handleCommand(Object(Symfony\\Component\\Console\\Input\\ArgvInput))
#50 {main}
"} 
